<?xml version="1.0" encoding="UTF-8"?>
<!-- Generated by org.testng.reporters.JUnitReportReporter -->
<testsuite skipped="0" hostname="DESKTOP-UBA01OH" name="com.herokuapp.theinternet.checkboxespagetests.CheckboxesTests" tests="1" failures="0" timestamp="11 Jan 2023 01:28:26 GMT" time="9.473" errors="0">
  <testcase name="selectingTwoCheckboxesTest" time="9.473" classname="com.herokuapp.theinternet.checkboxespagetests.CheckboxesTests"/>
</testsuite> <!-- com.herokuapp.theinternet.checkboxespagetests.CheckboxesTests -->
