<?xml version="1.0" encoding="UTF-8"?>
<!-- Generated by org.testng.reporters.JUnitReportReporter -->
<testsuite skipped="0" hostname="DESKTOP-UBA01OH" name="com.herokuapp.theinternet.loginpagetests.PositiveLogInTests" tests="1" failures="0" timestamp="11 Jan 2023 01:21:42 GMT" time="14.713" errors="0">
  <testcase name="logInTest" time="14.713" classname="com.herokuapp.theinternet.loginpagetests.PositiveLogInTests"/>
</testsuite> <!-- com.herokuapp.theinternet.loginpagetests.PositiveLogInTests -->
