<?xml version="1.0" encoding="UTF-8"?>
<!-- Generated by org.testng.reporters.JUnitReportReporter -->
<testsuite skipped="0" hostname="DESKTOP-UBA01OH" name="com.herokuapp.theinternet.loginpagetests.PositiveLogInTests" tests="1" failures="0" timestamp="11 Jan 2023 02:28:25 GMT" time="11.732" errors="0">
  <testcase name="logInTest" time="11.732" classname="com.herokuapp.theinternet.loginpagetests.PositiveLogInTests"/>
</testsuite> <!-- com.herokuapp.theinternet.loginpagetests.PositiveLogInTests -->
