<?xml version="1.0" encoding="UTF-8"?>
<!-- Generated by org.testng.reporters.JUnitReportReporter -->
<testsuite skipped="0" hostname="DESKTOP-UBA01OH" name="com.herokuapp.theinternet.uploadtests.UploadTests" tests="3" failures="0" timestamp="11 Jan 2023 02:28:25 GMT" time="23.457" errors="0">
  <testcase name="fileUploadTest" time="7.808" classname="com.herokuapp.theinternet.uploadtests.UploadTests"/>
  <testcase name="fileUploadTest" time="7.559" classname="com.herokuapp.theinternet.uploadtests.UploadTests"/>
  <testcase name="fileUploadTest" time="8.090" classname="com.herokuapp.theinternet.uploadtests.UploadTests"/>
</testsuite> <!-- com.herokuapp.theinternet.uploadtests.UploadTests -->
