<?xml version="1.0" encoding="UTF-8"?>
<!-- Generated by org.testng.reporters.JUnitReportReporter -->
<testsuite skipped="0" hostname="DESKTOP-UBA01OH" name="com.herokuapp.theinternet.uploadtests.UploadTests" tests="3" failures="0" timestamp="11 Jan 2023 01:21:42 GMT" time="25.500" errors="0">
  <testcase name="fileUploadTest" time="8.979" classname="com.herokuapp.theinternet.uploadtests.UploadTests"/>
  <testcase name="fileUploadTest" time="8.280" classname="com.herokuapp.theinternet.uploadtests.UploadTests"/>
  <testcase name="fileUploadTest" time="8.241" classname="com.herokuapp.theinternet.uploadtests.UploadTests"/>
</testsuite> <!-- com.herokuapp.theinternet.uploadtests.UploadTests -->
